<?xml version="1.0" encoding="UTF-8"?>
<!-- Generated by org.testng.reporters.JUnitReportReporter -->
<testsuite skipped="0" hostname="LAPTOP-SLURSDT2" name="test.ChangePersonalMessage_test" tests="1" failures="0" timestamp="29 十二月 2018 11:20:04 GMT" time="26.914" errors="0">
  <testcase name="personalMessage" time="26.914" classname="test.ChangePersonalMessage_test"/>
</testsuite> <!-- test.ChangePersonalMessage_test -->
