<?xml version="1.0" encoding="UTF-8"?>
<!-- Generated by org.testng.reporters.JUnitReportReporter -->
<testsuite skipped="0" hostname="LAPTOP-SLURSDT2" name="test.ContinueSC_test" tests="1" failures="0" timestamp="29 十二月 2018 11:20:04 GMT" time="17.073" errors="0">
  <testcase name="continueSC" time="17.073" classname="test.ContinueSC_test"/>
</testsuite> <!-- test.ContinueSC_test -->
