<?xml version="1.0" encoding="UTF-8"?>
<!-- Generated by org.testng.reporters.JUnitReportReporter -->
<testsuite skipped="0" hostname="LAPTOP-SLURSDT2" name="test.AddReply_test" tests="1" failures="0" timestamp="29 十二月 2018 11:20:04 GMT" time="17.016" errors="0">
  <testcase name="addcourse_reply" time="17.016" classname="test.AddReply_test"/>
</testsuite> <!-- test.AddReply_test -->
