<?xml version="1.0" encoding="UTF-8"?>
<!-- Generated by org.testng.reporters.JUnitReportReporter -->
<testsuite skipped="0" hostname="LAPTOP-SLURSDT2" name="test.CreateCourse_test" tests="1" failures="0" timestamp="29 十二月 2018 11:20:04 GMT" time="20.544" errors="0">
  <testcase name="createcourse" time="20.544" classname="test.CreateCourse_test"/>
</testsuite> <!-- test.CreateCourse_test -->
