<?xml version="1.0" encoding="UTF-8"?>
<!-- Generated by org.testng.reporters.JUnitReportReporter -->
<testsuite hostname="LAPTOP-SLURSDT2" failures="0" tests="1" name="com.xinhu.customertest.test.NewCustract_test" time="39.906" errors="0" timestamp="07 12æœˆ 2018 00:23:52 GMT" skipped="0">
  <testcase classname="com.xinhu.customertest.test.NewCustract_test" name="addAgreement" time="39.906"/>
</testsuite> <!-- com.xinhu.customertest.test.NewCustract_test -->
