<?xml version="1.0" encoding="UTF-8"?>
<!-- Generated by org.testng.reporters.JUnitReportReporter -->
<testsuite hostname="LAPTOP-SLURSDT2" failures="0" tests="1" name="com.xinhu.customertest.test.Refresh_test" time="0.083" errors="0" timestamp="01 12æœˆ 2018 15:23:25 GMT" skipped="0">
  <testcase classname="com.xinhu.customertest.test.Refresh_test" name="refresh" time="0.083"/>
</testsuite> <!-- com.xinhu.customertest.test.Refresh_test -->
