<?xml version="1.0" encoding="UTF-8"?>
<!-- Generated by org.testng.reporters.JUnitReportReporter -->
<testsuite hostname="LAPTOP-SLURSDT2" failures="0" tests="1" name="com.xinhu.customertest.test.NewCustomer_test" time="35.757" errors="0" timestamp="07 12æœˆ 2018 00:23:52 GMT" skipped="0">
  <testcase classname="com.xinhu.customertest.test.NewCustomer_test" name="addCustomer" time="35.757"/>
</testsuite> <!-- com.xinhu.customertest.test.NewCustomer_test -->
