<?xml version="1.0" encoding="UTF-8"?>
<!-- Generated by org.testng.reporters.JUnitReportReporter -->
<testsuite hostname="LAPTOP-SLURSDT2" failures="0" tests="1" name="com.xinhu.customertest.test.AddFollowRecord_test" time="6.719" errors="0" timestamp="03 12æœˆ 2018 14:41:56 GMT" skipped="0">
  <testcase classname="com.xinhu.customertest.test.AddFollowRecord_test" name="detil" time="6.719"/>
</testsuite> <!-- com.xinhu.customertest.test.AddFollowRecord_test -->
